Using pre-set license
Built from '2021.1/staging' branch; Version is '2021.1.23f1 (b50729e604a9) revision 11863849'; Using compiler version '192528614'; Build Type 'Release'
OS: 'Windows 10 Pro; OS build 19043.1288; Version 2009; 64bit' Language: 'en' Physical Memory: 16220 MB
BatchMode: 1, IsHumanControllingUs: 0, StartBugReporterOnCrash: 0, Is64bit: 1, IsPro: 0

COMMAND LINE ARGUMENTS:
C:\Program Files\Unity\Hub\Editor\2021.1.23f1\Editor\Unity.exe
-adb2
-batchMode
-noUpm
-name
AssetImportWorker0
-projectPath
C:/Users/50cal/Desktop/Big-assignment 2.0
-logFile
Logs/AssetImportWorker0.log
-srvPort
61984
Successfully changed project path to: C:/Users/50cal/Desktop/Big-assignment 2.0
C:/Users/50cal/Desktop/Big-assignment 2.0
Using Asset Import Pipeline V2.
Refreshing native plugins compatible for Editor in 25.97 ms, found 2 plugins.
Preloading 0 native plugins for Editor in 0.00 ms.
Initialize engine version: 2021.1.23f1 (b50729e604a9)
[Subsystems] Discovering subsystems at path C:/Program Files/Unity/Hub/Editor/2021.1.23f1/Editor/Data/Resources/UnitySubsystems
[Subsystems] Discovering subsystems at path C:/Users/50cal/Desktop/Big-assignment 2.0/Assets
GfxDevice: creating device client; threaded=0; jobified=0
Direct3D:
    Version:  Direct3D 11.0 [level 11.1]
    Renderer: NVIDIA GeForce RTX 2070 (ID=0x1f07)
    Vendor:   NVIDIA
    VRAM:     8031 MB
    Driver:   30.0.14.9676
Initialize mono
Mono path[0] = 'C:/Program Files/Unity/Hub/Editor/2021.1.23f1/Editor/Data/Managed'
Mono path[1] = 'C:/Program Files/Unity/Hub/Editor/2021.1.23f1/Editor/Data/MonoBleedingEdge/lib/mono/unityjit'
Mono config path = 'C:/Program Files/Unity/Hub/Editor/2021.1.23f1/Editor/Data/MonoBleedingEdge/etc'
Using monoOptions --debugger-agent=transport=dt_socket,embedding=1,server=y,suspend=n,address=127.0.0.1:56460
Begin MonoManager ReloadAssembly
Registering precompiled unity dll's ...
Register platform support module: C:/Program Files/Unity/Hub/Editor/2021.1.23f1/Editor/Data/PlaybackEngines/WindowsStandaloneSupport/UnityEditor.WindowsStandalone.Extensions.dll
Registered in 0.001860 seconds.
Native extension for WindowsStandalone target not found
Refreshing native plugins compatible for Editor in 24.82 ms, found 2 plugins.
Preloading 0 native plugins for Editor in 0.00 ms.
Mono: successfully reloaded assembly
- Completed reload, in  1.173 seconds
Domain Reload Profiling:
	ReloadAssembly (1173ms)
		BeginReloadAssembly (65ms)
			ExecutionOrderSort (0ms)
			DisableScriptedObjects (0ms)
			BackupInstance (0ms)
			ReleaseScriptingObjects (0ms)
			CreateAndSetChildDomain (1ms)
		EndReloadAssembly (400ms)
			LoadAssemblies (62ms)
			RebuildTransferFunctionScriptingTraits (0ms)
			SetupTypeCache (171ms)
			ReleaseScriptCaches (0ms)
			RebuildScriptCaches (28ms)
			SetupLoadedEditorAssemblies (158ms)
				LogAssemblyErrors (0ms)
				InitializePlatformSupportModulesInManaged (6ms)
				SetLoadedEditorAssemblies (0ms)
				RefreshPlugins (25ms)
				BeforeProcessingInitializeOnLoad (2ms)
				ProcessInitializeOnLoadAttributes (96ms)
				ProcessInitializeOnLoadMethodAttributes (29ms)
				AfterProcessingInitializeOnLoad (0ms)
				EditorAssembliesLoaded (0ms)
			ExecutionOrderSort2 (0ms)
			AwakeInstancesAfterBackupRestoration (0ms)
Platform modules already initialized, skipping
Registering precompiled user dll's ...
Registered in 0.002644 seconds.
Begin MonoManager ReloadAssembly
Native extension for WindowsStandalone target not found
Refreshing native plugins compatible for Editor in 0.33 ms, found 2 plugins.
Preloading 0 native plugins for Editor in 0.00 ms.
Mono: successfully reloaded assembly
- Completed reload, in  0.972 seconds
Domain Reload Profiling:
	ReloadAssembly (973ms)
		BeginReloadAssembly (165ms)
			ExecutionOrderSort (0ms)
			DisableScriptedObjects (4ms)
			BackupInstance (0ms)
			ReleaseScriptingObjects (0ms)
			CreateAndSetChildDomain (22ms)
		EndReloadAssembly (743ms)
			LoadAssemblies (90ms)
			RebuildTransferFunctionScriptingTraits (0ms)
			SetupTypeCache (274ms)
			ReleaseScriptCaches (0ms)
			RebuildScriptCaches (37ms)
			SetupLoadedEditorAssemblies (267ms)
				LogAssemblyErrors (0ms)
				InitializePlatformSupportModulesInManaged (5ms)
				SetLoadedEditorAssemblies (0ms)
				RefreshPlugins (0ms)
				BeforeProcessingInitializeOnLoad (42ms)
				ProcessInitializeOnLoadAttributes (209ms)
				ProcessInitializeOnLoadMethodAttributes (4ms)
				AfterProcessingInitializeOnLoad (6ms)
				EditorAssembliesLoaded (0ms)
			ExecutionOrderSort2 (0ms)
			AwakeInstancesAfterBackupRestoration (7ms)
Platform modules already initialized, skipping
========================================================================
Worker process is ready to serve import requests
Launched and connected shader compiler UnityShaderCompiler.exe after 0.08 seconds
Refreshing native plugins compatible for Editor in 0.38 ms, found 2 plugins.
Preloading 0 native plugins for Editor in 0.00 ms.
Unloading 1417 Unused Serialized files (Serialized files now loaded: 0)
System memory in use before: 66.3 MB.
System memory in use after: 66.3 MB.

Unloading 16 unused Assets to reduce memory usage. Loaded Objects now: 1867.
Total: 3.278000 ms (FindLiveObjects: 0.243500 ms CreateObjectMapping: 0.126000 ms MarkObjects: 2.852800 ms  DeleteObjects: 0.054400 ms)

AssetImportParameters requested are different than current active one (requested -> active):
  custom:framework-win-MediaFoundation: 216162199b28c13a410421893ffa2e32 -> 
  custom:video-decoder-ogg-theora: a1e56fd34408186e4bbccfd4996cb3dc -> 
  custom:container-muxer-webm: aa71ff27fc2769a1b78a27578f13a17b -> 
  custom:container-demuxer-webm: 4f35f7cbe854078d1ac9338744f61a02 -> 
  custom:container-demuxer-ogg: 62fdf1f143b41e24485cea50d1cbac27 -> 
  custom:video-encoder-webm-vp8: eb34c28f22e8b96e1ab97ce403110664 -> 
  custom:video-codec-MediaFoundation-h265: 746d11721c4dcdbdad8f713fa42b33f4 -> 
  custom:video-decoder-webm-vp8: 9c59270c3fd7afecdb556c50c9e8de78 -> 
  custom:audio-decoder-ogg-vorbis: bf7c407c2cedff20999df2af8eb42d56 -> 
  custom:audio-encoder-webm-vorbis: bf7c407c2cedff20999df2af8eb42d56 -> 
========================================================================
Received Import Request.
  path: Assets/Prefabs/heroesUnit.prefab
  artifactKey: Guid(cd621e4e29d45344e97a29aa7d4a31ab) Importer(815301076,1909f56bfc062723c751e8b465ee728b)
Start importing Assets/Prefabs/heroesUnit.prefab using Guid(cd621e4e29d45344e97a29aa7d4a31ab) Importer(815301076,1909f56bfc062723c751e8b465ee728b)  -> (artifact id: '9e70c14d4393465f9038032b68a2ac2b') in 0.322547 seconds 
========================================================================
Received Import Request.
  Time since last request: 0.000218 seconds.
  path: Assets/Prefabs/UnitStatDisplay.prefab
  artifactKey: Guid(bfa501131efb90b41a43f51d18c019fc) Importer(815301076,1909f56bfc062723c751e8b465ee728b)
Start importing Assets/Prefabs/UnitStatDisplay.prefab using Guid(bfa501131efb90b41a43f51d18c019fc) Importer(815301076,1909f56bfc062723c751e8b465ee728b)  -> (artifact id: '2c7e70a35f403a506f9f908d6040621d') in 0.010589 seconds 
========================================================================
Received Import Request.
  Time since last request: 0.000212 seconds.
  path: Assets/Prefabs/monsterUnit.prefab
  artifactKey: Guid(3bb25f5009d9b9245a5125038422382b) Importer(815301076,1909f56bfc062723c751e8b465ee728b)
Start importing Assets/Prefabs/monsterUnit.prefab using Guid(3bb25f5009d9b9245a5125038422382b) Importer(815301076,1909f56bfc062723c751e8b465ee728b)  -> (artifact id: '976158431e89dda0797db4e992005a60') in 0.014884 seconds 
========================================================================
Received Import Request.
  Time since last request: 11.154148 seconds.
  path: Assets/Materials/heroesSelectHighlight.mat
  artifactKey: Guid(0abd895cdef2c77449a275ce176696e3) Importer(815301076,1909f56bfc062723c751e8b465ee728b)
Start importing Assets/Materials/heroesSelectHighlight.mat using Guid(0abd895cdef2c77449a275ce176696e3) Importer(815301076,1909f56bfc062723c751e8b465ee728b)  -> (artifact id: 'acbe537ef0946172c04a3439c5556c21') in 0.263157 seconds 
========================================================================
Received Import Request.
  Time since last request: 0.000209 seconds.
  path: Assets/Materials/heroesUnitMat.mat
  artifactKey: Guid(e4c3e84d528824846adcd51061b10dae) Importer(815301076,1909f56bfc062723c751e8b465ee728b)
Start importing Assets/Materials/heroesUnitMat.mat using Guid(e4c3e84d528824846adcd51061b10dae) Importer(815301076,1909f56bfc062723c751e8b465ee728b)  -> (artifact id: '4f156b6c688affafa379fa20d14c9d5b') in 0.025222 seconds 
========================================================================
Received Import Request.
  Time since last request: 0.000218 seconds.
  path: Assets/Materials/monsterUnitMat.mat
  artifactKey: Guid(58fe8b2449ca4ec47a0e68090dfb316f) Importer(815301076,1909f56bfc062723c751e8b465ee728b)
Start importing Assets/Materials/monsterUnitMat.mat using Guid(58fe8b2449ca4ec47a0e68090dfb316f) Importer(815301076,1909f56bfc062723c751e8b465ee728b)  -> (artifact id: '245dd1ff8e43ae59297ecf81ba64d840') in 0.019097 seconds 
========================================================================
Received Import Request.
  Time since last request: 1.746428 seconds.
  path: Assets/Units/Healer.asset
  artifactKey: Guid(a2c40b68016a6ac46ace8ff91f86f867) Importer(815301076,1909f56bfc062723c751e8b465ee728b)
Start importing Assets/Units/Healer.asset using Guid(a2c40b68016a6ac46ace8ff91f86f867) Importer(815301076,1909f56bfc062723c751e8b465ee728b)  -> (artifact id: 'e7fec9e4068fd3642a1255af7b96ebc5') in 0.009792 seconds 
========================================================================
Received Import Request.
  Time since last request: 0.000224 seconds.
  path: Assets/Units/Warrior.asset
  artifactKey: Guid(f5431b79e539c8b48913a70659a44324) Importer(815301076,1909f56bfc062723c751e8b465ee728b)
Start importing Assets/Units/Warrior.asset using Guid(f5431b79e539c8b48913a70659a44324) Importer(815301076,1909f56bfc062723c751e8b465ee728b)  -> (artifact id: '225b874c1eec05339d0e82ac4a66597f') in 0.009400 seconds 
========================================================================
Received Import Request.
  Time since last request: 0.000167 seconds.
  path: Assets/Units/Worker.asset
  artifactKey: Guid(4bc051f829ffaf54d9090555c2860677) Importer(815301076,1909f56bfc062723c751e8b465ee728b)
Start importing Assets/Units/Worker.asset using Guid(4bc051f829ffaf54d9090555c2860677) Importer(815301076,1909f56bfc062723c751e8b465ee728b)  -> (artifact id: 'f3d08b3521fa6ae8072b63a93a767a87') in 0.008989 seconds 
========================================================================
Received Prepare
Registering precompiled user dll's ...
Registered in 0.002731 seconds.
Begin MonoManager ReloadAssembly
Native extension for WindowsStandalone target not found
Refreshing native plugins compatible for Editor in 0.39 ms, found 2 plugins.
Preloading 0 native plugins for Editor in 0.00 ms.
Mono: successfully reloaded assembly
- Completed reload, in  0.932 seconds
Domain Reload Profiling:
	ReloadAssembly (932ms)
		BeginReloadAssembly (119ms)
			ExecutionOrderSort (0ms)
			DisableScriptedObjects (4ms)
			BackupInstance (0ms)
			ReleaseScriptingObjects (0ms)
			CreateAndSetChildDomain (36ms)
		EndReloadAssembly (756ms)
			LoadAssemblies (86ms)
			RebuildTransferFunctionScriptingTraits (0ms)
			SetupTypeCache (267ms)
			ReleaseScriptCaches (1ms)
			RebuildScriptCaches (34ms)
			SetupLoadedEditorAssemblies (289ms)
				LogAssemblyErrors (0ms)
				InitializePlatformSupportModulesInManaged (5ms)
				SetLoadedEditorAssemblies (0ms)
				RefreshPlugins (0ms)
				BeforeProcessingInitializeOnLoad (47ms)
				ProcessInitializeOnLoadAttributes (226ms)
				ProcessInitializeOnLoadMethodAttributes (4ms)
				AfterProcessingInitializeOnLoad (6ms)
				EditorAssembliesLoaded (0ms)
			ExecutionOrderSort2 (0ms)
			AwakeInstancesAfterBackupRestoration (7ms)
Platform modules already initialized, skipping
Refreshing native plugins compatible for Editor in 0.34 ms, found 2 plugins.
Preloading 0 native plugins for Editor in 0.00 ms.
Unloading 1411 Unused Serialized files (Serialized files now loaded: 0)
System memory in use before: 70.2 MB.
System memory in use after: 70.3 MB.

Unloading 12 unused Assets to reduce memory usage. Loaded Objects now: 1911.
Total: 3.098200 ms (FindLiveObjects: 0.149300 ms CreateObjectMapping: 0.085100 ms MarkObjects: 2.814900 ms  DeleteObjects: 0.048200 ms)

AssetImportParameters requested are different than current active one (requested -> active):
  custom:framework-win-MediaFoundation: 216162199b28c13a410421893ffa2e32 -> 
  custom:video-decoder-ogg-theora: a1e56fd34408186e4bbccfd4996cb3dc -> 
  custom:container-muxer-webm: aa71ff27fc2769a1b78a27578f13a17b -> 
  custom:container-demuxer-webm: 4f35f7cbe854078d1ac9338744f61a02 -> 
  custom:container-demuxer-ogg: 62fdf1f143b41e24485cea50d1cbac27 -> 
  custom:video-encoder-webm-vp8: eb34c28f22e8b96e1ab97ce403110664 -> 
  custom:video-codec-MediaFoundation-h265: 746d11721c4dcdbdad8f713fa42b33f4 -> 
  custom:video-decoder-webm-vp8: 9c59270c3fd7afecdb556c50c9e8de78 -> 
  custom:audio-decoder-ogg-vorbis: bf7c407c2cedff20999df2af8eb42d56 -> 
  custom:audio-encoder-webm-vorbis: bf7c407c2cedff20999df2af8eb42d56 -> 
AssetImportWorkerClient::OnTransportError - code=2 error=End of file
